Detecting compiler hash for triplet x64-linux...
Compiler found: /usr/bin/c++
The following packages will be built and installed:
    fmt:x64-linux@12.1.0
    nlohmann-json:x64-linux@3.12.0#2
  * vcpkg-cmake:x64-linux@2024-04-23
  * vcpkg-cmake-config:x64-linux@2024-05-23
Additional packages (*) will be modified to complete this operation.
Restored 2 package(s) from /home/mathew/.cache/vcpkg/archives in 5.25 ms. Use --debug to see more details.
Installing 1/4 vcpkg-cmake-config:x64-linux@2024-05-23...
Elapsed time to handle vcpkg-cmake-config:x64-linux: 1.58 ms
vcpkg-cmake-config:x64-linux package ABI: 9097b9feaf5a6e2951c96806758bbfa9cd9516d8fa9f6a15a37f20701a30ca29
Installing 2/4 vcpkg-cmake:x64-linux@2024-04-23...
Elapsed time to handle vcpkg-cmake:x64-linux: 881 us
vcpkg-cmake:x64-linux package ABI: 14fa555736fabc3375d448d45f54de5493de6b06492e440fbde685e24acb3732
Installing 3/4 fmt:x64-linux@12.1.0...
Building fmt:x64-linux@12.1.0...
-- Using cached fmtlib-fmt-12.1.0.tar.gz
-- Cleaning sources at /home/mathew/vcpkg/buildtrees/fmt/src/12.1.0-54f1f91231.clean. Use --editable to skip cleaning for the packages you specify.
-- Extracting source /home/mathew/vcpkg/downloads/fmtlib-fmt-12.1.0.tar.gz
-- Using source at /home/mathew/vcpkg/buildtrees/fmt/src/12.1.0-54f1f91231.clean
-- Configuring x64-linux
-- Building x64-linux-dbg
-- Building x64-linux-rel
-- Fixing pkgconfig file: /home/mathew/vcpkg/packages/fmt_x64-linux/lib/pkgconfig/fmt.pc
CMake Error at scripts/cmake/vcpkg_find_acquire_program.cmake:201 (message):
  Could not find pkg-config.  Please install it via your package manager:

      sudo apt-get install pkg-config
Call Stack (most recent call first):
  scripts/cmake/vcpkg_fixup_pkgconfig.cmake:193 (vcpkg_find_acquire_program)
  ports/fmt/portfile.cmake:19 (vcpkg_fixup_pkgconfig)
  scripts/ports.cmake:206 (include)


error: building fmt:x64-linux failed with: BUILD_FAILED
See https://learn.microsoft.com/vcpkg/troubleshoot/build-failures?WT.mc_id=vcpkg_inproduct_cli for more information.
Elapsed time to handle fmt:x64-linux: 6.2 s
Please ensure you're using the latest port files with `git pull` and `vcpkg update`.
Then check for known issues at:
  https://github.com/microsoft/vcpkg/issues?q=is%3Aissue+is%3Aopen+in%3Atitle+fmt
You can submit a new issue at:
  https://github.com/microsoft/vcpkg/issues/new?title=%5Bfmt%5D%20build%20error%20on%20x64-linux&body=Copy%20issue%20body%20from%20%2Fhome%2Fmathew%2Fcode%2F3307_individual_project%2Fbuild%2Fvcpkg_installed%2Fvcpkg%2Fissue_body.md

